2026-06-01 17:13:32, MOVE, v:1, k:ed@bufferring, mode:PICK
2026-06-01 17:22:06, MOVE, v:1, k:ed@bufferring, mode:PICK
2026-06-01 17:22:09, EXEC, v:1, k:ed@bufferring, mode:FULL, size:110, fail:COMP
2026-06-01 17:22:24, EXEC, v:1, k:ed@bufferring, mode:FULL, fail:COMP
2026-06-01 17:22:26, EXEC, v:1, k:ed@bufferring, mode:FULL, fail:COMP
2026-06-01 17:22:29, EXEC, v:1, k:ed@bufferring, mode:FULL, fail:COMP
2026-06-01 17:22:56, EXEC, v:1, k:ed@bufferring, mode:FULL, rate:0, size:114
2026-06-01 17:34:48, EXEC, v:1, k:ed@bufferring, mode:FULL, size:147, fail:COMP
2026-06-01 17:35:29, EXEC, v:1, k:ed@bufferring, mode:FULL, size:147, fail:COMP
2026-06-01 17:38:18, EXEC, v:1, k:ed@bufferring, mode:FULL, size:148, fail:COMP
2026-06-01 17:40:27, EXEC, v:1, k:ed@bufferring, mode:FULL, size:149, fail:COMP
2026-06-01 17:40:51, EXEC, v:1, k:ed@bufferring, mode:FULL, rate:16, size:150
2026-06-01 17:44:22, EXEC, v:1, k:ed@bufferring, mode:FULL, size:152, fail:COMP
2026-06-01 17:46:49, EXEC, v:1, k:ed@bufferring, mode:FULL, size:156, fail:COMP
2026-06-01 17:47:11, EXEC, v:1, k:ed@bufferring, mode:FULL, fail:COMP
2026-06-01 17:47:39, EXEC, v:1, k:ed@bufferring, mode:FULL, size:158, fail:COMP
2026-06-01 17:48:21, EXEC, v:1, k:ed@bufferring, mode:FULL, size:159, fail:COMP
2026-06-01 17:49:59, EXEC, v:1, k:ed@bufferring, mode:FULL, size:166, fail:COMP
2026-06-01 17:51:19, EXEC, v:1, k:ed@bufferring, mode:FULL, size:164, fail:COMP
2026-06-01 17:52:18, EXEC, v:1, k:ed@bufferring, mode:FULL, size:165, fail:COMP
2026-06-01 17:52:28, EXEC, v:1, k:ed@bufferring, mode:FULL, rate:16, size:164
2026-06-01 17:53:10, EXEC, v:1, k:ed@bufferring, mode:FULL, rate:33, size:164
2026-06-01 17:55:02, EXEC, v:1, k:ed@bufferring, mode:FULL, size:172, fail:COMP
2026-06-01 17:55:25, EXEC, v:1, k:ed@bufferring, mode:FULL, size:172, fail:COMP
2026-06-01 17:55:40, EXEC, v:1, k:ed@bufferring, mode:FULL, size:172, fail:COMP
2026-06-01 17:55:53, EXEC, v:1, k:ed@bufferring, mode:FULL, size:173, fail:COMP
2026-06-01 17:56:06, EXEC, v:1, k:ed@bufferring, mode:FULL, size:173, fail:COMP
2026-06-01 17:56:44, EXEC, v:1, k:ed@bufferring, mode:FULL, size:173, fail:COMP
2026-06-01 17:57:26, EXEC, v:1, k:ed@bufferring, mode:FULL, size:173, fail:COMP
2026-06-01 17:58:12, EXEC, v:1, k:ed@bufferring, mode:FULL, size:173, fail:COMP
2026-06-01 17:58:47, EXEC, v:1, k:ed@bufferring, mode:FULL, size:173, fail:COMP
2026-06-01 17:58:53, EXEC, v:1, k:ed@bufferring, mode:FULL, rate:66, size:173
2026-06-01 17:59:23, MOVE, v:1, k:ed@bufferring, mode:BACK
