2026-05-02 16:23:47, MOVE, v:1, k:ed@lista_d4, mode:PICK
2026-05-02 16:23:49, EXEC, v:1, k:ed@lista_d4, mode:FULL, rate:66, size:159
2026-05-02 16:25:26, EXEC, v:1, k:ed@lista_d4, mode:FULL, rate:100, size:166
2026-05-02 16:25:31, MOVE, v:1, k:ed@lista_d4, mode:BACK
2026-05-02 16:25:34, MOVE, v:1, k:ed@lista_d4, mode:PICK
2026-05-02 16:25:35, MOVE, v:1, k:ed@lista_d4, mode:BACK
2026-05-02 16:25:37, MOVE, v:1, k:ed@lista_d4, mode:PICK
2026-05-02 16:27:53, EXEC, v:1, k:ed@lista_d4, mode:FULL, rate:100
2026-05-02 16:27:53, MOVE, v:1, k:ed@lista_d4, mode:BACK
2026-05-02 16:27:58, MOVE, v:1, k:ed@lista_d4, mode:PICK
2026-05-02 16:28:41, MOVE, v:1, k:ed@lista_d4, mode:BACK
2026-05-02 16:27:52, MOVE, v:1, k:ed@lista_d4, mode:EDIT
2026-05-02 16:28:38, MOVE, v:1, k:ed@lista_d4, mode:EDIT
2026-05-02 16:28:54, MOVE, v:1, k:ed@lista_d4, mode:PICK
2026-05-02 16:41:01, MOVE, v:1, k:ed@lista_d4, mode:BACK
2026-05-02 16:41:04, MOVE, v:1, k:ed@lista_d4, mode:PICK
2026-05-02 16:41:05, EXEC, v:1, k:ed@lista_d4, mode:FULL, rate:100
2026-05-02 16:41:05, MOVE, v:1, k:ed@lista_d4, mode:BACK
2026-05-02 16:41:15, MOVE, v:1, k:ed@lista_d4, mode:PICK
2026-05-02 16:55:20, MOVE, v:1, k:ed@lista_d4, mode:BACK
2026-05-02 17:29:12, SELF, v:1, k:ed@lista_d4, self:1, rate:100, study:36
2026-05-02 17:29:12, MOVE, v:1, k:ed@prin_list1, mode:PICK
2026-05-02 17:29:13, MOVE, v:1, k:ed@prin_list1, mode:BACK
2026-05-02 17:29:18, MOVE, v:1, k:ed@prin_list1, mode:PICK
