2026-04-02 16:21:25, MOVE, v:1, k:ed@triangulo, mode:PICK
2026-04-02 16:21:28, EXEC, v:1, k:ed@triangulo, mode:FULL, rate:100
2026-04-02 16:21:38, MOVE, v:1, k:ed@triangulo, mode:BACK
2026-04-02 16:22:13, SELF, v:1, k:ed@treinando, self:1
2026-04-02 16:22:22, SELF, v:1, k:ed@treinando, self:1, friend:Heitor
2026-04-02 16:22:29, MOVE, v:1, k:ed@treinando, mode:PICK
2026-04-02 16:22:30, EXEC, v:1, k:ed@treinando, mode:FULL, rate:100
2026-04-02 16:22:32, MOVE, v:1, k:ed@treinando, mode:BACK
2026-04-02 16:22:44, MOVE, v:1, k:ed@resto, mode:DOWN
2026-04-02 16:22:47, MOVE, v:1, k:ed@resto, mode:PICK
2026-04-02 16:28:30, EXEC, v:1, k:ed@resto, mode:FULL, rate:0, size:15
2026-04-02 16:41:26, EXEC, v:1, k:ed@resto, mode:FULL, rate:0, size:20
2026-04-02 16:41:45, EXEC, v:1, k:ed@resto, mode:FULL, rate:0, size:20
2026-04-02 16:43:04, EXEC, v:1, k:ed@resto, mode:FULL, rate:0, size:20
2026-04-02 16:46:56, EXEC, v:1, k:ed@resto, mode:FULL, rate:0, size:26
2026-04-02 16:52:03, EXEC, v:1, k:ed@resto, mode:FULL, rate:0, size:24
2026-04-02 16:52:52, EXEC, v:1, k:ed@resto, mode:FULL, rate:0, size:24
2026-04-02 16:53:57, EXEC, v:1, k:ed@resto, mode:FULL, rate:0, size:24
2026-04-02 16:56:13, EXEC, v:1, k:ed@resto, mode:FULL, rate:0, size:24
2026-04-02 16:57:19, EXEC, v:1, k:ed@resto, mode:FULL, rate:0, size:24
2026-04-02 16:57:40, EXEC, v:1, k:ed@resto, mode:FULL, rate:0, size:24
2026-04-02 16:57:50, EXEC, v:1, k:ed@resto, mode:FULL, rate:0, size:24
2026-04-02 16:58:14, EXEC, v:1, k:ed@resto, mode:FULL, rate:0, size:24
2026-04-02 16:59:32, EXEC, v:1, k:ed@resto, mode:FULL, rate:0, size:24
2026-04-02 17:01:22, EXEC, v:1, k:ed@resto, mode:FULL, rate:0, size:24
2026-04-02 17:04:15, EXEC, v:1, k:ed@resto, mode:FULL, rate:0, size:24
2026-04-02 17:05:10, EXEC, v:1, k:ed@resto, mode:FULL, rate:0, size:25
2026-04-02 17:06:07, EXEC, v:1, k:ed@resto, mode:FULL, rate:0, size:25
2026-04-02 17:07:06, EXEC, v:1, k:ed@resto, mode:FULL, rate:0, size:26
2026-04-02 17:08:03, EXEC, v:1, k:ed@resto, mode:FULL, rate:0, size:35
2026-04-02 17:08:59, EXEC, v:1, k:ed@resto, mode:FULL, rate:0, size:33
2026-04-02 17:09:15, EXEC, v:1, k:ed@resto, mode:FULL, rate:0, size:32
2026-04-02 17:09:36, EXEC, v:1, k:ed@resto, mode:FULL, rate:100, size:32
2026-04-02 17:09:43, MOVE, v:1, k:ed@resto, mode:BACK
2026-04-02 17:11:03, SELF, v:1, k:ed@resto, self:1, rate:100, study:40
2026-04-02 17:11:10, SELF, v:1, k:ed@treinando, self:1, friend:Heitor
2026-04-02 17:11:12, MOVE, v:1, k:ed@treinando, mode:PICK
2026-04-02 17:11:13, EXEC, v:1, k:ed@treinando, mode:FULL, rate:100
2026-04-02 17:11:14, MOVE, v:1, k:ed@treinando, mode:BACK
2026-04-02 17:11:15, MOVE, v:1, k:ed@triangulo, mode:PICK
2026-04-02 17:11:16, EXEC, v:1, k:ed@triangulo, mode:FULL, rate:100
2026-04-02 17:11:17, MOVE, v:1, k:ed@triangulo, mode:BACK
2026-04-02 17:11:21, SELF, v:1, k:ed@triangulo, self:1, rate:100, study:20
2026-04-02 17:12:35, MOVE, v:1, k:ed@mdc, mode:DOWN
2026-04-02 17:12:44, MOVE, v:1, k:ed@mdc, mode:PICK
2026-04-02 17:16:25, EXEC, v:1, k:ed@mdc, mode:FULL, rate:100, size:19
2026-04-02 17:16:31, EXEC, v:1, k:ed@mdc, mode:FULL, rate:100
2026-04-02 17:16:38, MOVE, v:1, k:ed@mdc, mode:BACK
2026-04-02 17:16:50, SELF, v:1, k:ed@mdc, self:1, rate:100, study:5
