2026-06-13 14:11:45, MOVE, v:1, k:ed@soma, mode:DOWN
2026-06-13 14:11:47, MOVE, v:1, k:ed@altura, mode:DOWN
2026-06-13 14:11:59, MOVE, v:1, k:ed@compare, mode:DOWN
2026-06-13 14:12:01, MOVE, v:1, k:ed@arvore-path, mode:DOWN
2026-06-13 14:12:03, MOVE, v:1, k:ed@soma, mode:PICK
2026-06-13 14:16:54, EXEC, v:1, k:ed@soma, mode:FULL, rate:42, size:92
2026-06-13 14:22:25, EXEC, v:1, k:ed@soma, mode:FULL, rate:42, size:98
2026-06-13 14:23:21, EXEC, v:1, k:ed@soma, mode:FULL, rate:42, size:97
2026-06-13 14:23:57, EXEC, v:1, k:ed@soma, mode:FULL, rate:71, size:101
2026-06-13 14:27:55, EXEC, v:1, k:ed@soma, mode:FULL, rate:71, size:108
2026-06-13 14:31:37, EXEC, v:1, k:ed@soma, mode:FULL, rate:71, size:102
2026-06-13 14:31:49, MOVE, v:1, k:ed@soma, mode:PICK
2026-06-13 14:31:51, EXEC, v:1, k:ed@soma, mode:FULL, rate:71
2026-06-13 14:33:31, EXEC, v:1, k:ed@soma, mode:FULL, rate:71, size:102
2026-06-13 14:34:06, EXEC, v:1, k:ed@soma, mode:FULL, rate:100, size:103
2026-06-13 14:34:09, MOVE, v:1, k:ed@soma, mode:BACK
2026-06-13 14:34:15, SELF, v:1, k:ed@soma, self:1, rate:100, study:20
2026-06-13 14:34:19, MOVE, v:1, k:ed@altura, mode:PICK
2026-06-13 14:35:35, EXEC, v:1, k:ed@altura, mode:FULL, rate:0, size:118
2026-06-13 14:36:12, MOVE, v:1, k:ed@altura, mode:PICK
2026-06-13 14:38:06, EXEC, v:1, k:ed@altura, mode:FULL, rate:0, size:125
2026-06-13 14:41:08, MOVE, v:1, k:ed@altura, mode:BACK
2026-06-13 14:41:21, MOVE, v:1, k:ed@altura, mode:PICK
2026-06-13 14:43:40, EXEC, v:1, k:ed@altura, mode:FULL, rate:0, size:134
2026-06-13 14:44:51, EXEC, v:1, k:ed@altura, mode:FULL, rate:0, size:125
2026-06-13 14:44:58, EXEC, v:1, k:ed@altura, mode:FULL, rate:0, size:125
2026-06-13 14:45:13, EXEC, v:1, k:ed@altura, mode:FULL, rate:0, size:134
2026-06-13 14:45:33, EXEC, v:1, k:ed@altura, mode:FULL, rate:100, size:134
2026-06-13 14:45:36, MOVE, v:1, k:ed@altura, mode:BACK
2026-06-13 14:45:48, SELF, v:1, k:ed@altura, self:1, rate:100, study:11
2026-06-13 14:45:58, MOVE, v:1, k:ed@compare, mode:PICK
2026-06-13 14:46:57, EXEC, v:1, k:ed@compare, mode:FULL, rate:62, size:91
2026-06-13 14:47:31, EXEC, v:1, k:ed@compare, mode:FULL, size:91, fail:COMP
2026-06-13 14:47:36, EXEC, v:1, k:ed@compare, mode:FULL, rate:25, size:91
2026-06-13 14:49:40, EXEC, v:1, k:ed@compare, mode:FULL, rate:75, size:101
2026-06-13 14:58:32, EXEC, v:1, k:ed@compare, mode:FULL, rate:50, size:105
2026-06-13 14:58:47, EXEC, v:1, k:ed@compare, mode:FULL, rate:50, size:99
2026-06-13 14:59:06, EXEC, v:1, k:ed@compare, mode:FULL, rate:100, size:99
2026-06-13 14:59:08, MOVE, v:1, k:ed@compare, mode:BACK
2026-06-13 14:59:19, MOVE, v:1, k:ed@compare, mode:PICK
2026-06-13 14:59:25, MOVE, v:1, k:ed@compare, mode:BACK
2026-06-13 14:59:32, SELF, v:1, k:ed@compare, self:1, rate:100, study:15
2026-06-13 14:59:32, MOVE, v:1, k:ed@compare, mode:PICK
2026-06-13 14:59:33, EXEC, v:1, k:ed@compare, mode:FULL, rate:100
2026-06-13 14:59:33, MOVE, v:1, k:ed@compare, mode:BACK
