2026-06-11 12:35:38, SELF, v:1, k:ed@editorint, self:1, rate:90
2026-06-11 12:37:39, MOVE, v:1, k:ed@editorint, mode:PICK
2026-06-11 12:37:40, MOVE, v:1, k:ed@editorint, mode:BACK
2026-06-11 12:42:17, MOVE, v:1, k:ed@editorint, mode:PICK
2026-06-11 12:43:47, MOVE, v:1, k:ed@editorint, mode:BACK
2026-06-11 12:47:20, MOVE, v:1, k:ed@inverter, mode:DOWN
2026-06-11 12:48:53, MOVE, v:1, k:ed@inverter, mode:PICK
2026-06-11 12:50:51, MOVE, v:1, k:ed@inverter, mode:BACK
2026-06-11 12:53:01, MOVE, v:1, k:ed@inverter, mode:PICK
2026-06-11 12:55:00, MOVE, v:1, k:ed@inverter, mode:BACK
2026-06-11 12:55:15, SELF, v:1, k:ed@editorint, self:1, rate:90, study:140
2026-06-11 12:55:48, MOVE, v:1, k:ed@inverter, mode:PICK
2026-06-11 12:57:36, EXEC, v:1, k:ed@inverter, mode:FULL, rate:0, size:77
2026-06-11 12:57:55, EXEC, v:1, k:ed@inverter, mode:FULL, rate:0, size:77
2026-06-11 12:58:08, EXEC, v:1, k:ed@inverter, mode:FULL, rate:0, size:77
2026-06-11 12:58:42, EXEC, v:1, k:ed@inverter, mode:FULL, rate:16, size:77
2026-06-11 13:00:20, MOVE, v:1, k:ed@inverter, mode:EDIT
2026-06-11 13:00:40, EXEC, v:1, k:ed@inverter, mode:FULL, rate:16, size:74
2026-06-11 13:01:49, EXEC, v:1, k:ed@inverter, mode:FULL, rate:16, size:75
2026-06-11 13:03:39, EXEC, v:1, k:ed@inverter, mode:FULL, rate:0, size:75
2026-06-11 13:04:29, EXEC, v:1, k:ed@inverter, mode:FULL, rate:16, size:76
2026-06-11 13:05:18, EXEC, v:1, k:ed@inverter, mode:FULL, rate:33, size:78
2026-06-11 13:05:17, MOVE, v:1, k:ed@inverter, mode:EDIT
2026-06-11 13:09:37, MOVE, v:1, k:ed@inverter, mode:EDIT
2026-06-11 13:11:00, EXEC, v:1, k:ed@inverter, mode:FULL, rate:0, size:78
2026-06-11 13:11:24, EXEC, v:1, k:ed@inverter, mode:FULL, rate:33, size:77
2026-06-11 13:13:35, MOVE, v:1, k:ed@inverter, mode:EDIT
2026-06-11 13:17:00, EXEC, v:1, k:ed@inverter, mode:FULL, rate:16, size:78
2026-06-11 13:19:33, EXEC, v:1, k:ed@inverter, mode:FULL, rate:100, size:80
2026-06-11 13:19:43, MOVE, v:1, k:ed@inverter, mode:BACK
2026-06-11 13:19:58, MOVE, v:1, k:ed@inverter, mode:PICK
2026-06-11 13:20:00, MOVE, v:1, k:ed@inverter, mode:BACK
2026-06-11 13:20:06, SELF, v:1, k:ed@inverter, self:1, rate:100, study:31
2026-06-11 13:20:08, MOVE, v:1, k:ed@clonar, mode:DOWN
2026-06-11 13:20:08, MOVE, v:1, k:ed@clonar, mode:EDIT
2026-06-11 13:20:08, MOVE, v:1, k:ed@clonar, mode:EDIT
2026-06-11 13:20:08, MOVE, v:1, k:ed@clonar, mode:EDIT
2026-06-11 13:22:41, MOVE, v:1, k:ed@clonar, mode:EDIT
2026-06-11 13:25:12, MOVE, v:1, k:ed@clonar, mode:PICK
2026-06-11 13:26:57, EXEC, v:1, k:ed@clonar, mode:FULL, rate:100, size:84
2026-06-11 13:27:14, MOVE, v:1, k:ed@clonar, mode:BACK
2026-06-11 13:27:26, SELF, v:1, k:ed@clonar, self:1, rate:100, study:7
