2026-05-08 17:18:30, MOVE, v:1, k:ed@prin_list1, mode:PICK
2026-05-08 17:20:47, EXEC, v:1, k:ed@prin_list1, mode:FULL, rate:0, size:182
2026-05-08 17:22:01, EXEC, v:1, k:ed@prin_list1, mode:FULL, rate:0, size:174
2026-05-08 17:23:19, EXEC, v:1, k:ed@prin_list1, mode:FULL, rate:0, size:182
2026-05-08 17:23:09, MOVE, v:1, k:ed@prin_list1, mode:EDIT
2026-05-08 17:23:15, MOVE, v:1, k:ed@prin_list1, mode:EDIT
2026-05-08 17:24:59, EXEC, v:1, k:ed@prin_list1, mode:FULL, rate:0, size:182
2026-05-08 17:26:05, EXEC, v:1, k:ed@prin_list1, mode:FULL, size:178, fail:COMP
2026-05-08 17:26:29, EXEC, v:1, k:ed@prin_list1, mode:FULL, rate:0, size:178
2026-05-08 17:27:09, EXEC, v:1, k:ed@prin_list1, mode:FULL, rate:0, size:178
2026-05-08 17:27:50, EXEC, v:1, k:ed@prin_list1, mode:FULL, rate:0, size:182
2026-05-08 17:27:48, MOVE, v:1, k:ed@prin_list1, mode:EDIT
2026-05-08 17:27:50, MOVE, v:1, k:ed@prin_list1, mode:EDIT
2026-05-08 17:29:55, EXEC, v:1, k:ed@prin_list1, mode:FULL, rate:0, size:182
2026-05-08 17:30:26, EXEC, v:1, k:ed@prin_list1, mode:FULL, rate:0, size:182
2026-05-08 17:32:03, EXEC, v:1, k:ed@prin_list1, mode:FULL, rate:0, size:181
2026-05-08 17:32:27, EXEC, v:1, k:ed@prin_list1, mode:FULL, rate:0, size:181
2026-05-08 17:33:18, MOVE, v:1, k:ed@prin_list1, mode:EDIT
2026-05-08 17:32:27, MOVE, v:1, k:ed@prin_list1, mode:EDIT
2026-05-08 17:33:58, EXEC, v:1, k:ed@prin_list1, mode:FULL, rate:0, size:183
2026-05-08 17:36:41, EXEC, v:1, k:ed@prin_list1, mode:FULL, rate:0, size:182
2026-05-08 17:36:39, MOVE, v:1, k:ed@prin_list1, mode:EDIT
2026-05-08 17:36:41, MOVE, v:1, k:ed@prin_list1, mode:EDIT
2026-05-08 17:40:10, EXEC, v:1, k:ed@prin_list1, mode:FULL, rate:0, size:184
2026-05-08 17:40:25, EXEC, v:1, k:ed@prin_list1, mode:FULL, rate:0
2026-05-08 17:40:32, EXEC, v:1, k:ed@prin_list1, mode:FULL, rate:0
2026-05-08 17:41:25, EXEC, v:1, k:ed@prin_list1, mode:FULL, rate:0, size:182
2026-05-08 17:42:05, EXEC, v:1, k:ed@prin_list1, mode:FULL, rate:0, size:183
2026-05-08 17:42:22, EXEC, v:1, k:ed@prin_list1, mode:FULL, rate:0, size:183
2026-05-08 17:42:38, EXEC, v:1, k:ed@prin_list1, mode:FULL, rate:0, size:183
2026-05-08 17:43:07, EXEC, v:1, k:ed@prin_list1, mode:FULL, rate:100, size:183
2026-05-08 17:43:14, MOVE, v:1, k:ed@prin_list1, mode:BACK
2026-05-08 17:43:30, SELF, v:1, k:ed@prin_list1, self:1, rate:100, study:25
2026-05-08 17:43:42, SELF, v:1, k:ed@editorint, self:1, study:120
2026-05-08 17:43:51, SELF, v:1, k:ed@editorint, self:1, study:120
