2026-05-23 10:24:15, MOVE, v:1, k:ed@subset_sum, mode:DOWN
2026-05-23 10:24:18, MOVE, v:1, k:ed@subset_sum, mode:PICK
2026-05-23 10:27:48, EXEC, v:1, k:ed@subset_sum, mode:FULL, rate:0, size:10
2026-05-23 10:24:15, MOVE, v:1, k:ed@subset_sum, mode:EDIT
2026-05-23 10:24:15, MOVE, v:1, k:ed@subset_sum, mode:EDIT
2026-05-23 10:27:42, MOVE, v:1, k:ed@subset_sum, mode:EDIT
2026-05-23 10:34:16, EXEC, v:1, k:ed@subset_sum, mode:FULL, rate:100, size:32
2026-05-23 10:35:59, MOVE, v:1, k:ed@subset_sum, mode:BACK
2026-05-23 10:36:03, MOVE, v:1, k:ed@distancia, mode:DOWN
2026-05-23 10:36:06, MOVE, v:1, k:ed@distancia, mode:PICK
2026-05-23 10:38:56, MOVE, v:1, k:ed@distancia, mode:BACK
2026-05-23 10:34:13, MOVE, v:1, k:ed@subset_sum, mode:EDIT
2026-05-23 10:36:03, MOVE, v:1, k:ed@distancia, mode:EDIT
2026-05-23 10:36:03, MOVE, v:1, k:ed@distancia, mode:EDIT
2026-05-23 11:07:54, MOVE, v:1, k:ed@distancia, mode:PICK
2026-05-23 11:09:50, EXEC, v:1, k:ed@distancia, mode:FULL, rate:0, size:10
2026-05-23 11:09:46, MOVE, v:1, k:ed@distancia, mode:EDIT
2026-05-23 11:16:23, MOVE, v:1, k:ed@distancia, mode:EDIT
2026-05-23 11:21:15, MOVE, v:1, k:ed@distancia, mode:EDIT
2026-05-23 11:31:20, EXEC, v:1, k:ed@distancia, mode:FULL, rate:0, size:25
2026-05-23 11:31:14, MOVE, v:1, k:ed@distancia, mode:EDIT
2026-05-23 11:31:35, EXEC, v:1, k:ed@distancia, mode:FULL, rate:0, size:26
2026-05-23 11:31:50, EXEC, v:1, k:ed@distancia, mode:FULL, rate:0, size:28
2026-05-23 11:32:20, EXEC, v:1, k:ed@distancia, mode:FULL, rate:0, size:32
2026-05-23 11:36:25, EXEC, v:1, k:ed@distancia, mode:FULL, size:22, fail:COMP
2026-05-23 11:36:22, MOVE, v:1, k:ed@distancia, mode:EDIT
2026-05-23 11:41:13, MOVE, v:1, k:ed@distancia, mode:EDIT
2026-05-23 17:01:01, MOVE, v:1, k:ed@distancia, mode:PICK
2026-05-23 17:01:02, EXEC, v:1, k:ed@distancia, mode:FULL, rate:0, size:69
2026-05-23 17:05:10, EXEC, v:1, k:ed@distancia, mode:FULL, rate:0, size:68
2026-05-23 17:05:57, EXEC, v:1, k:ed@distancia, mode:FULL, rate:0, size:68
2026-05-23 17:05:55, MOVE, v:1, k:ed@distancia, mode:EDIT
2026-05-23 17:06:20, EXEC, v:1, k:ed@distancia, mode:FULL, rate:0, size:68
2026-05-23 17:07:25, EXEC, v:1, k:ed@distancia, mode:FULL, rate:0, size:65
2026-05-23 17:08:00, EXEC, v:1, k:ed@distancia, mode:FULL, rate:100, size:68
2026-05-23 17:08:03, MOVE, v:1, k:ed@distancia, mode:BACK
2026-05-23 17:08:07, MOVE, v:1, k:ed@subset_sum, mode:PICK
2026-05-23 17:08:10, EXEC, v:1, k:ed@subset_sum, mode:FULL, rate:100
2026-05-23 17:07:57, MOVE, v:1, k:ed@distancia, mode:EDIT
2026-05-23 17:14:00, MOVE, v:1, k:ed@subset_sum, mode:BACK
2026-05-23 17:14:06, MOVE, v:1, k:ed@subset_sum, mode:PICK
2026-05-23 17:19:41, MOVE, v:1, k:ed@subset_sum, mode:BACK
2026-05-23 17:19:49, MOVE, v:1, k:ed@subset_sum, mode:PICK
2026-05-23 17:21:17, MOVE, v:1, k:ed@subset_sum, mode:BACK
2026-05-23 17:21:30, SELF, v:1, k:ed@subset_sum, self:1, rate:100, study:25
2026-05-23 17:21:44, SELF, v:1, k:ed@distancia, self:1, rate:100, study:70
