2026-06-16 07:42:56, MOVE, v:1, k:ed@bst_insert, mode:DOWN
2026-06-16 07:42:58, MOVE, v:1, k:ed@bst_insert, mode:PICK
2026-06-16 07:42:56, MOVE, v:1, k:ed@bst_insert, mode:EDIT
2026-06-16 07:42:56, MOVE, v:1, k:ed@bst_insert, mode:EDIT
2026-06-16 07:50:49, MOVE, v:1, k:ed@bst_insert, mode:EDIT
2026-06-16 07:53:57, EXEC, v:1, k:ed@bst_insert, mode:FULL, size:72, fail:COMP
2026-06-16 07:56:17, EXEC, v:1, k:ed@bst_insert, mode:FULL, rate:0, size:73
2026-06-16 07:56:36, EXEC, v:1, k:ed@bst_insert, mode:FULL, rate:0, size:79
2026-06-16 07:56:32, MOVE, v:1, k:ed@bst_insert, mode:EDIT
2026-06-16 08:01:54, MOVE, v:1, k:ed@bst_insert, mode:EDIT
2026-06-16 08:01:56, EXEC, v:1, k:ed@bst_insert, mode:FULL, rate:0, size:79
2026-06-16 08:04:09, EXEC, v:1, k:ed@bst_insert, mode:FULL, rate:0, size:79
2026-06-16 08:04:24, EXEC, v:1, k:ed@bst_insert, mode:FULL, rate:0, size:79
2026-06-16 08:05:10, EXEC, v:1, k:ed@bst_insert, mode:FULL, rate:0
2026-06-16 08:05:20, EXEC, v:1, k:ed@bst_insert, mode:FULL, rate:0, size:76
2026-06-16 08:05:33, EXEC, v:1, k:ed@bst_insert, mode:FULL, rate:0, size:79
2026-06-16 08:05:43, EXEC, v:1, k:ed@bst_insert, mode:FULL, rate:0, size:87
2026-06-16 08:06:52, MOVE, v:1, k:ed@bst_insert, mode:EDIT
2026-06-16 08:08:31, EXEC, v:1, k:ed@bst_insert, mode:FULL, rate:0, size:91
2026-06-16 08:09:30, EXEC, v:1, k:ed@bst_insert, mode:FULL, rate:0, size:91
2026-06-16 08:09:47, MOVE, v:1, k:ed@bst_insert, mode:PICK
2026-06-16 08:09:48, EXEC, v:1, k:ed@bst_insert, mode:FULL, rate:0, size:91
2026-06-16 08:14:26, EXEC, v:1, k:ed@bst_insert, mode:FULL, rate:83, size:90
2026-06-16 08:14:39, MOVE, v:1, k:ed@bst_insert, mode:EDIT
2026-06-16 08:16:36, EXEC, v:1, k:ed@bst_insert, mode:FULL, rate:100, size:89
2026-06-16 08:16:49, MOVE, v:1, k:ed@bst_insert, mode:BACK
2026-06-16 08:17:23, SELF, v:1, k:ed@bst_insert, self:1, rate:100, study:35
2026-06-16 10:14:03, MOVE, v:1, k:ed@bst_serial, mode:DOWN
2026-06-16 10:14:05, MOVE, v:1, k:ed@bst_serial, mode:PICK
2026-06-16 10:14:03, MOVE, v:1, k:ed@bst_serial, mode:EDIT
2026-06-16 10:15:35, MOVE, v:1, k:ed@bst_serial, mode:EDIT
2026-06-16 10:20:54, EXEC, v:1, k:ed@bst_serial, mode:FULL, size:98, fail:COMP
2026-06-16 10:21:03, EXEC, v:1, k:ed@bst_serial, mode:FULL, rate:0, size:99
2026-06-16 10:23:31, MOVE, v:1, k:ed@bst_serial, mode:EDIT
2026-06-16 10:32:42, EXEC, v:1, k:ed@bst_serial, mode:FULL, rate:0, size:104
2026-06-16 10:33:13, MOVE, v:1, k:ed@bst_serial, mode:EDIT
2026-06-16 10:35:04, MOVE, v:1, k:ed@bst_serial, mode:BACK
2026-06-16 10:36:07, MOVE, v:1, k:ed@bst_serial, mode:PICK
2026-06-16 10:36:09, EXEC, v:1, k:ed@bst_serial, mode:FULL, rate:0, size:105
2026-06-16 10:37:01, MOVE, v:1, k:ed@bst_serial, mode:BACK
2026-06-16 10:38:41, MOVE, v:1, k:ed@bst_serial, mode:PICK
2026-06-16 10:38:46, EXEC, v:1, k:ed@bst_serial, mode:FULL, rate:0, size:104
2026-06-16 10:42:21, EXEC, v:1, k:ed@bst_serial, mode:FULL, rate:0, size:108
2026-06-16 10:42:14, MOVE, v:1, k:ed@bst_serial, mode:EDIT
2026-06-16 10:47:45, MOVE, v:1, k:ed@bst_serial, mode:BACK
