2026-05-25 11:12:46, MOVE, v:1, k:ed@ilhas, mode:PICK
2026-05-25 11:12:47, EXEC, v:1, k:ed@ilhas, mode:FULL, size:67, fail:COMP
2026-05-25 11:13:44, EXEC, v:1, k:ed@ilhas, mode:FULL, fail:COMP
2026-05-25 11:14:39, MOVE, v:1, k:ed@ilhas, mode:PICK
2026-05-25 11:14:40, EXEC, v:1, k:ed@ilhas, mode:FULL, rate:100, size:67
2026-05-25 11:14:43, MOVE, v:1, k:ed@ilhas, mode:BACK
2026-05-25 11:19:20, MOVE, v:1, k:ed@cercado, mode:PICK
2026-05-25 11:19:21, EXEC, v:1, k:ed@cercado, mode:FULL, size:67, fail:COMP
2026-05-25 11:19:43, EXEC, v:1, k:ed@cercado, mode:FULL, rate:100, size:66
2026-05-25 11:19:47, MOVE, v:1, k:ed@cercado, mode:BACK
2026-05-25 13:47:32, MOVE, v:1, k:ed@subset_sum, mode:PICK
2026-05-25 13:47:33, EXEC, v:1, k:ed@subset_sum, mode:FULL, size:31, fail:COMP
2026-05-25 13:48:25, EXEC, v:1, k:ed@subset_sum, mode:FULL, size:31, fail:COMP
2026-05-25 13:48:45, EXEC, v:1, k:ed@subset_sum, mode:FULL, size:31, fail:COMP
2026-05-25 13:49:16, EXEC, v:1, k:ed@subset_sum, mode:FULL, fail:COMP
2026-05-25 13:49:40, EXEC, v:1, k:ed@subset_sum, mode:FULL, rate:100, size:32
2026-05-25 13:52:41, MOVE, v:1, k:ed@subset_sum, mode:BACK
2026-05-25 13:52:43, MOVE, v:1, k:ed@distancia, mode:PICK
2026-05-25 13:55:31, EXEC, v:1, k:ed@distancia, mode:FULL, size:68, fail:COMP
2026-05-25 13:55:46, EXEC, v:1, k:ed@distancia, mode:FULL, rate:100, size:69
2026-05-25 14:01:49, MOVE, v:1, k:ed@distancia, mode:BACK
