2026-07-07 14:13:35, SELF, v:1, k:ed@rotten, self:1, rate:100, study:40, concept:1, debug:1, refactor:1
2026-07-07 14:13:53, SELF, v:1, k:ed@detonate, self:1, rate:100, concept:1, debug:1, refactor:1
2026-07-07 14:14:17, SELF, v:1, k:ed@pintura, self:1, rate:100, concept:1, problem:1
2026-07-07 14:14:51, SELF, v:1, k:ed@clonar, self:1, rate:100, guided:1
2026-07-07 14:15:21, SELF, v:1, k:ed@subset_sum, self:1, rate:100, concept:1, problem:1, debug:1
2026-07-07 14:15:34, SELF, v:1, k:ed@wordsearch, self:1, rate:100, concept:1, problem:1, debug:1
2026-07-07 14:18:52, SELF, v:1, k:ed@queimada, self:1, rate:100, guided:1
2026-07-07 14:19:18, SELF, v:1, k:ed@fractais_png, self:1, rate:100, study:420
2026-07-07 14:21:16, MOVE, v:1, k:ed@vetequals, mode:PICK
2026-07-07 14:21:18, EXEC, v:1, k:ed@vetequals, mode:FULL, rate:100
2026-07-07 14:21:19, MOVE, v:1, k:ed@vetequals, mode:BACK
2026-07-07 14:25:54, SELF, v:1, k:ed@distancia, self:1, rate:100, concept:1, debug:1
2026-07-07 14:40:31, MOVE, v:1, k:ed@distancia, mode:PICK
2026-07-07 14:40:33, EXEC, v:1, k:ed@distancia, mode:FULL, rate:100, size:67
2026-07-07 14:40:34, MOVE, v:1, k:ed@distancia, mode:BACK
2026-07-07 17:38:14, MOVE, v:1, k:ed@bettersearch, mode:PICK
2026-07-07 17:38:15, EXEC, v:1, k:ed@bettersearch, mode:FULL, rate:100
2026-07-07 17:38:16, MOVE, v:1, k:ed@bettersearch, mode:BACK
2026-07-07 17:40:31, SELF, v:1, k:ed@distancia, self:1, rate:100, concept:1, code:1
2026-07-07 17:40:43, SELF, v:1, k:ed@distancia, self:1, rate:100, concept:1, problem:1, debug:1
2026-07-07 17:40:55, SELF, v:1, k:ed@subset_sum, self:1, rate:100, concept:1, problem:1, debug:1
2026-07-07 17:41:02, SELF, v:1, k:ed@distancia, self:1, rate:100, concept:1, debug:1
2026-07-07 17:41:15, SELF, v:1, k:ed@clonar, self:1, rate:100, guided:1
2026-07-07 17:47:39, MOVE, v:1, k:ed@altura, mode:PICK
2026-07-07 17:47:42, EXEC, v:1, k:ed@altura, mode:FULL, rate:0, size:134
2026-07-07 17:47:53, EXEC, v:1, k:ed@altura, mode:FULL, rate:100, size:134
2026-07-07 17:47:56, MOVE, v:1, k:ed@altura, mode:BACK
2026-07-07 17:49:42, SELF, v:1, k:ed@detonate, self:1, rate:100, concept:1, code:1
2026-07-07 17:50:06, SELF, v:1, k:ed@rotten, self:1, rate:100, concept:1, code:1
2026-07-07 17:50:32, SELF, v:1, k:ed@caminho, self:1, rate:100
2026-07-07 18:00:24, MOVE, v:1, k:ed@bst_serial, mode:PICK
2026-07-07 18:00:26, EXEC, v:1, k:ed@bst_serial, mode:FULL, rate:100
2026-07-07 18:00:27, MOVE, v:1, k:ed@bst_serial, mode:BACK
2026-07-07 18:05:11, SELF, v:1, k:ed@caminho, self:1, rate:100, concept:1, code:1
2026-07-07 18:08:54, SELF, v:1, k:ed@subset_sum, self:1, rate:100, concept:1, code:1
2026-07-07 18:09:09, SELF, v:1, k:ed@distancia, self:1, rate:100, concept:1, code:1
2026-07-07 18:09:18, SELF, v:1, k:ed@wordsearch, self:1, rate:100, concept:1, code:1
