2026-04-30 08:05:49, MOVE, v:1, k:ed@lista_d2, mode:PICK
2026-04-30 08:05:50, EXEC, v:1, k:ed@lista_d2, mode:FULL, rate:0, size:132
2026-04-30 08:07:32, EXEC, v:1, k:ed@lista_d2, mode:FULL, rate:0, size:141
2026-04-30 08:08:40, EXEC, v:1, k:ed@lista_d2, mode:FULL, rate:0, size:144
2026-04-30 08:09:22, EXEC, v:1, k:ed@lista_d2, mode:FULL, rate:20, size:152
2026-04-30 08:09:22, MOVE, v:1, k:ed@lista_d2, mode:EDIT
2026-04-30 08:10:06, MOVE, v:1, k:ed@lista_d2, mode:EDIT
2026-04-30 08:15:04, MOVE, v:1, k:ed@lista_d2, mode:EDIT
2026-04-30 08:19:47, MOVE, v:1, k:ed@lista_d2, mode:EDIT
2026-04-30 08:25:11, EXEC, v:1, k:ed@lista_d2, mode:FULL, rate:20, size:214
2026-04-30 08:25:03, MOVE, v:1, k:ed@lista_d2, mode:EDIT
2026-04-30 08:25:07, MOVE, v:1, k:ed@lista_d2, mode:EDIT
2026-04-30 08:27:00, EXEC, v:1, k:ed@lista_d2, mode:FULL, rate:20, size:214
2026-04-30 08:30:27, EXEC, v:1, k:ed@lista_d2, mode:FULL, size:214, fail:COMP
2026-04-30 08:30:23, MOVE, v:1, k:ed@lista_d2, mode:EDIT
2026-04-30 08:26:56, MOVE, v:1, k:ed@lista_d2, mode:EDIT
2026-04-30 08:31:11, EXEC, v:1, k:ed@lista_d2, mode:FULL, rate:40, size:214
2026-04-30 08:32:27, EXEC, v:1, k:ed@lista_d2, mode:FULL, rate:60, size:223
2026-04-30 08:33:49, EXEC, v:1, k:ed@lista_d2, mode:FULL, rate:60, size:234
2026-04-30 08:33:47, MOVE, v:1, k:ed@lista_d2, mode:EDIT
2026-04-30 08:33:49, MOVE, v:1, k:ed@lista_d2, mode:EDIT
2026-04-30 08:40:32, EXEC, v:1, k:ed@lista_d2, mode:FULL, rate:80, size:235
2026-04-30 08:40:27, MOVE, v:1, k:ed@lista_d2, mode:EDIT
2026-04-30 08:40:32, MOVE, v:1, k:ed@lista_d2, mode:EDIT
2026-04-30 08:42:57, EXEC, v:1, k:ed@lista_d2, mode:FULL, rate:100, size:239
2026-04-30 08:43:01, MOVE, v:1, k:ed@lista_d2, mode:BACK
2026-04-30 08:43:12, SELF, v:1, k:ed@lista_d2, self:1, rate:100, study:30
