2026-03-16 14:43:00, MOVE, v:1, k:ed@casais, mode:PICK
2026-03-16 14:43:06, EXEC, v:1, k:ed@casais, mode:FULL, rate:50, size:23
2026-03-16 14:43:31, EXEC, v:1, k:ed@casais, mode:FULL, rate:50, size:23
2026-03-16 14:49:19, EXEC, v:1, k:ed@casais, mode:FULL, rate:100, size:25
2026-03-16 14:49:29, MOVE, v:1, k:ed@casais, mode:BACK
2026-03-16 14:51:59, SELF, v:1, k:ed@casais, self:1, rate:100, study:26, concept:1, problem:1, debug:1
2026-03-16 14:54:23, SELF, v:1, k:ed@pintando, self:1, rate:100, study:30, concept:1, problem:1, debug:1
2026-03-16 14:54:35, SELF, v:1, k:ed@pintando, self:1, rate:100, study:20, concept:1, problem:1, debug:1
2026-03-16 14:54:51, MOVE, v:1, k:ed@mumia, mode:PICK
2026-03-16 14:54:54, MOVE, v:1, k:ed@mumia, mode:BACK
2026-03-16 14:55:26, SELF, v:1, k:ed@mumia, self:1, rate:100, study:15, problem:1, debug:1
2026-03-16 14:55:30, MOVE, v:1, k:ed@fuga, mode:PICK
2026-03-16 14:55:32, MOVE, v:1, k:ed@fuga, mode:BACK
2026-03-16 14:55:55, SELF, v:1, k:ed@fuga, self:1, rate:100, study:30, concept:1, problem:1, debug:1
2026-03-16 14:57:15, SELF, v:1, k:ed@pedra, self:1, rate:100, study:35, problem:1, code:1, debug:1
2026-03-16 14:57:29, MOVE, v:1, k:ed@baruel, mode:DOWN
2026-03-16 14:57:29, MOVE, v:1, k:ed@baruel, mode:PICK
2026-03-16 14:57:33, EXEC, v:1, k:ed@baruel, mode:FULL, rate:0, size:5
2026-03-16 15:22:07, MOVE, v:1, k:ed@baruel, mode:PICK
2026-03-16 15:22:09, EXEC, v:1, k:ed@baruel, mode:FULL, rate:0, size:42
2026-03-16 15:26:38, EXEC, v:1, k:ed@baruel, mode:FULL, rate:0, size:42
2026-03-16 15:32:37, EXEC, v:1, k:ed@baruel, mode:FULL, rate:0, size:45
2026-03-16 15:35:45, EXEC, v:1, k:ed@baruel, mode:FULL, rate:0, size:52
2026-03-16 15:38:26, MOVE, v:1, k:ed@baruel, mode:PICK
2026-03-16 15:38:28, EXEC, v:1, k:ed@baruel, mode:FULL, rate:0, size:54
2026-03-16 15:43:12, MOVE, v:1, k:ed@baruel, mode:PICK
2026-03-16 15:43:13, EXEC, v:1, k:ed@baruel, mode:FULL, rate:0, size:54
2026-03-16 15:44:27, MOVE, v:1, k:ed@baruel, mode:PICK
2026-03-16 15:44:28, EXEC, v:1, k:ed@baruel, mode:FULL, rate:0
2026-03-16 15:45:31, EXEC, v:1, k:ed@baruel, mode:FULL, rate:0, size:60
2026-03-16 15:45:57, EXEC, v:1, k:ed@baruel, mode:FULL, rate:0, size:62
2026-03-16 15:46:20, EXEC, v:1, k:ed@baruel, mode:FULL, rate:0, size:62
2026-03-16 15:46:37, EXEC, v:1, k:ed@baruel, mode:FULL, rate:0, size:62
2026-03-16 15:47:40, EXEC, v:1, k:ed@baruel, mode:FULL, rate:100, size:62
2026-03-16 15:47:52, MOVE, v:1, k:ed@baruel, mode:BACK
2026-03-16 15:47:57, MOVE, v:1, k:ed@baruel, mode:PICK
2026-03-16 15:47:59, MOVE, v:1, k:ed@baruel, mode:BACK
2026-03-16 15:48:37, SELF, v:1, k:ed@baruel, self:1, rate:100, study:40, problem:1, debug:1
2026-03-16 15:48:44, MOVE, v:1, k:ed@gomos, mode:DOWN
2026-03-16 15:48:45, MOVE, v:1, k:ed@gomos, mode:PICK
2026-03-16 16:02:12, MOVE, v:1, k:ed@gomos, mode:PICK
2026-03-16 16:02:16, EXEC, v:1, k:ed@gomos, mode:FREE, size:22
2026-03-16 16:05:36, MOVE, v:1, k:ed@gomos, mode:PICK
2026-03-16 16:05:37, EXEC, v:1, k:ed@gomos, mode:FULL, rate:66, size:22
2026-03-16 16:13:58, EXEC, v:1, k:ed@gomos, mode:FULL, rate:66, size:23
2026-03-16 16:18:01, MOVE, v:1, k:ed@gomos, mode:PICK
2026-03-16 16:18:04, EXEC, v:1, k:ed@gomos, mode:FULL, rate:100, size:37
2026-03-16 16:18:12, MOVE, v:1, k:ed@gomos, mode:BACK
2026-03-16 16:18:18, MOVE, v:1, k:ed@baruel, mode:PICK
2026-03-16 16:18:20, MOVE, v:1, k:ed@baruel, mode:BACK
2026-03-16 16:18:33, SELF, v:1, k:ed@baruel, self:1, rate:100, study:45, problem:1, debug:1
2026-03-16 16:18:35, MOVE, v:1, k:ed@gomos, mode:PICK
2026-03-16 16:18:36, MOVE, v:1, k:ed@gomos, mode:BACK
2026-03-16 16:19:06, SELF, v:1, k:ed@gomos, self:1, rate:100, study:30, concept:1, problem:1, debug:1
