2026-04-19 16:08:27, MOVE, v:1, k:ed@bettersearch, mode:DOWN
2026-04-19 16:08:28, MOVE, v:1, k:ed@bettersearch, mode:PICK
2026-04-19 16:09:08, MOVE, v:1, k:ed@bettersearch, mode:BACK
2026-04-19 16:09:10, MOVE, v:1, k:ed@bettersearch, mode:PICK
2026-04-19 16:13:09, EXEC, v:1, k:ed@bettersearch, mode:FULL, rate:45, size:37
2026-04-19 16:13:22, EXEC, v:1, k:ed@bettersearch, mode:FULL, rate:63, size:37
2026-04-19 16:08:27, MOVE, v:1, k:ed@bettersearch, mode:EDIT
2026-04-19 16:08:27, MOVE, v:1, k:ed@bettersearch, mode:EDIT
2026-04-19 16:13:18, MOVE, v:1, k:ed@bettersearch, mode:EDIT
2026-04-19 16:13:22, MOVE, v:1, k:ed@bettersearch, mode:EDIT
2026-04-19 16:16:26, EXEC, v:1, k:ed@bettersearch, mode:FULL, rate:90, size:40
2026-04-19 16:16:53, EXEC, v:1, k:ed@bettersearch, mode:FULL, rate:100, size:40
2026-04-19 16:17:03, MOVE, v:1, k:ed@bettersearch, mode:BACK
2026-04-19 16:17:18, SELF, v:1, k:ed@bettersearch, self:1, rate:100, study:10
2026-04-19 16:17:23, MOVE, v:1, k:ed@setbuild, mode:DOWN
2026-04-19 16:17:52, MOVE, v:1, k:ed@setbuild, mode:PICK
2026-04-19 16:17:54, EXEC, v:1, k:ed@setbuild, mode:FULL, rate:0, size:45
2026-04-19 16:18:18, MOVE, v:1, k:ed@setbuild, mode:BACK
2026-04-19 16:16:46, MOVE, v:1, k:ed@bettersearch, mode:EDIT
2026-04-19 16:16:53, MOVE, v:1, k:ed@bettersearch, mode:EDIT
2026-04-19 16:17:23, MOVE, v:1, k:ed@setbuild, mode:EDIT
2026-04-19 16:17:23, MOVE, v:1, k:ed@setbuild, mode:EDIT
2026-04-19 16:17:23, MOVE, v:1, k:ed@setbuild, mode:EDIT
2026-04-19 16:17:54, MOVE, v:1, k:ed@setbuild, mode:EDIT
2026-04-19 16:18:33, MOVE, v:1, k:ed@setbuild, mode:PICK
2026-04-19 16:18:42, MOVE, v:1, k:ed@setbuild, mode:BACK
2026-04-19 16:19:00, MOVE, v:1, k:ed@multiset, mode:DOWN
2026-04-19 16:19:25, MOVE, v:1, k:ed@bettersearch, mode:PICK
2026-04-19 16:19:27, EXEC, v:1, k:ed@bettersearch, mode:FULL, rate:100
2026-04-19 16:19:29, MOVE, v:1, k:ed@bettersearch, mode:BACK
2026-04-19 16:19:42, MOVE, v:1, k:ed@multiset, mode:PICK
2026-04-19 16:19:43, EXEC, v:1, k:ed@multiset, mode:FULL, rate:0, size:59
2026-04-19 16:19:45, MOVE, v:1, k:ed@multiset, mode:BACK
2026-04-19 16:19:47, MOVE, v:1, k:ed@setbuild, mode:PICK
2026-04-19 16:19:47, EXEC, v:1, k:ed@setbuild, mode:FULL, rate:0
2026-04-19 16:19:49, MOVE, v:1, k:ed@setbuild, mode:BACK
2026-04-19 16:20:13, SELF, v:1, k:ed@multiset, self:1, study:10
