2026-04-07 10:14:28, MOVE, v:1, k:ed@fractais_png, mode:DOWN
2026-04-07 10:14:30, MOVE, v:1, k:ed@fractais_png, mode:PICK
2026-04-07 10:16:27, MOVE, v:1, k:ed@fractais_png, mode:BACK
2026-04-07 10:21:57, EXEC, v:1, k:src@go, mode:FREE, size:39
2026-04-07 10:24:33, EXEC, v:1, k:src@go, mode:FREE
2026-04-07 10:25:42, EXEC, v:1, k:src@go, mode:FREE
2026-04-07 10:27:21, EXEC, v:1, k:src@go, mode:FREE
2026-04-07 10:29:28, EXEC, v:1, k:src@go, mode:FREE
2026-04-07 10:29:59, EXEC, v:1, k:src@go, mode:FREE
2026-04-07 10:34:07, MOVE, v:1, k:ed@fractais_png, mode:PICK
2026-04-07 10:34:09, EXEC, v:1, k:ed@fractais_png, mode:LOCK, rate:0, size:136
2026-04-07 10:41:35, MOVE, v:1, k:ed@fractais_png, mode:BACK
2026-04-07 10:42:32, EXEC, v:1, k:src@go, mode:FREE, size:136
2026-04-07 11:38:22, EXEC, v:1, k:src@go, mode:FREE, size:139
2026-04-07 19:26:18, EXEC, v:1, k:src@go, mode:FREE, size:146
2026-04-07 19:26:55, EXEC, v:1, k:src@go, mode:FREE, size:149
2026-04-07 19:27:13, EXEC, v:1, k:src@go, mode:FREE, size:149
2026-04-07 19:38:21, EXEC, v:1, k:src@go, mode:FREE, size:154
2026-04-07 19:40:51, EXEC, v:1, k:src@go, mode:FREE, size:160
2026-04-07 19:41:11, EXEC, v:1, k:src@go, mode:FREE, size:160
2026-04-07 19:42:16, EXEC, v:1, k:src@go, mode:FREE, size:161
2026-04-07 19:45:10, EXEC, v:1, k:src@go, mode:FREE, size:161
2026-04-07 19:45:25, EXEC, v:1, k:src@go, mode:FREE, size:161
2026-04-07 19:46:34, EXEC, v:1, k:src@go, mode:FREE, size:157
2026-04-07 19:46:59, EXEC, v:1, k:src@go, mode:FREE, size:157
2026-04-07 19:47:52, EXEC, v:1, k:src@go, mode:FREE, size:157
2026-04-07 19:50:06, EXEC, v:1, k:src@go, mode:FREE, size:166
2026-04-07 19:50:39, EXEC, v:1, k:src@go, mode:FREE, size:167
2026-04-07 19:51:14, EXEC, v:1, k:src@go, mode:FREE, size:168
2026-04-07 19:55:35, EXEC, v:1, k:src@go, mode:FREE, size:180
2026-04-07 19:56:23, EXEC, v:1, k:src@go, mode:FREE, size:174
2026-04-07 19:58:44, EXEC, v:1, k:src@go, mode:FREE, size:169
2026-04-07 20:29:58, EXEC, v:1, k:src@go, mode:FREE, size:173
2026-04-07 20:31:50, EXEC, v:1, k:src@go, mode:FREE, size:173
2026-04-07 20:32:11, EXEC, v:1, k:src@go, mode:FREE, size:173
2026-04-07 20:32:30, EXEC, v:1, k:src@go, mode:FREE, size:173
2026-04-07 20:33:00, EXEC, v:1, k:src@go, mode:FREE, size:173
2026-04-07 20:34:53, EXEC, v:1, k:src@go, mode:FREE, size:172
2026-04-07 20:35:51, EXEC, v:1, k:src@go, mode:FREE, size:172
2026-04-07 20:36:26, EXEC, v:1, k:src@go, mode:FREE, size:178
2026-04-07 20:36:48, EXEC, v:1, k:src@go, mode:FREE, size:177
2026-04-07 20:37:56, EXEC, v:1, k:src@go, mode:FREE, size:179
2026-04-07 20:39:04, EXEC, v:1, k:src@go, mode:FREE, size:178
2026-04-07 20:39:56, EXEC, v:1, k:src@go, mode:FREE, size:176
2026-04-07 20:42:55, EXEC, v:1, k:src@go, mode:FREE, size:177
2026-04-07 20:43:30, EXEC, v:1, k:src@go, mode:FREE, size:178
2026-04-07 20:45:43, EXEC, v:1, k:src@go, mode:FREE, size:178
2026-04-07 20:47:23, EXEC, v:1, k:src@go, mode:FREE, size:176
2026-04-07 20:50:37, EXEC, v:1, k:src@go, mode:FREE, size:171
2026-04-07 20:51:41, EXEC, v:1, k:src@go, mode:FREE, size:173
2026-04-07 20:53:02, EXEC, v:1, k:src@go, mode:FREE, size:175
2026-04-07 20:53:36, EXEC, v:1, k:src@go, mode:FREE, size:171
2026-04-07 20:54:43, EXEC, v:1, k:src@go, mode:FREE, size:173
2026-04-07 20:55:14, EXEC, v:1, k:src@go, mode:FREE, size:173
2026-04-07 20:56:47, EXEC, v:1, k:src@go, mode:FREE, size:172
2026-04-07 21:10:51, EXEC, v:1, k:src@go, mode:FREE, size:178
2026-04-07 21:11:21, EXEC, v:1, k:src@go, mode:FREE, size:178
2026-04-07 21:12:14, EXEC, v:1, k:src@go, mode:FREE, size:178
2026-04-07 21:13:47, EXEC, v:1, k:src@go, mode:FREE, size:176
2026-04-07 21:14:48, EXEC, v:1, k:src@go, mode:FREE, size:177
2026-04-07 21:16:06, EXEC, v:1, k:src@go, mode:FREE, size:178
2026-04-07 21:19:00, EXEC, v:1, k:src@go, mode:FREE, size:184
2026-04-07 21:19:41, EXEC, v:1, k:src@go, mode:FREE, size:183
2026-04-07 21:20:23, EXEC, v:1, k:src@go, mode:FREE, size:183
2026-04-07 21:21:08, EXEC, v:1, k:src@go, mode:FREE, size:183
2026-04-07 21:21:36, EXEC, v:1, k:src@go, mode:FREE, size:183
2026-04-07 21:22:14, EXEC, v:1, k:src@go, mode:FREE, size:182
2026-04-07 21:22:42, EXEC, v:1, k:src@go, mode:FREE, size:182
2026-04-07 21:23:11, EXEC, v:1, k:src@go, mode:FREE, size:182
2026-04-07 21:24:38, EXEC, v:1, k:src@go, mode:FREE, size:182
2026-04-07 21:25:02, EXEC, v:1, k:src@go, mode:FREE, size:182
2026-04-07 21:25:25, EXEC, v:1, k:src@go, mode:FREE, size:182
2026-04-07 21:26:04, EXEC, v:1, k:src@go, mode:FREE, size:182
2026-04-07 21:31:42, EXEC, v:1, k:src@go, mode:FREE, size:193
2026-04-07 21:32:43, EXEC, v:1, k:src@go, mode:FREE, size:193
2026-04-07 21:33:04, EXEC, v:1, k:src@go, mode:FREE, size:194
2026-04-07 21:33:49, EXEC, v:1, k:src@go, mode:FREE, size:194
2026-04-07 21:34:11, EXEC, v:1, k:src@go, mode:FREE, size:195
2026-04-07 21:42:59, EXEC, v:1, k:src@go, mode:FREE, size:202
2026-04-07 21:44:11, EXEC, v:1, k:src@go, mode:FREE, size:201
2026-04-07 21:44:50, EXEC, v:1, k:src@go, mode:FREE, size:201
2026-04-07 21:45:20, EXEC, v:1, k:src@go, mode:FREE, size:202
2026-04-07 21:47:59, EXEC, v:1, k:src@go, mode:FREE, size:200
2026-04-07 21:48:30, EXEC, v:1, k:src@go, mode:FREE, size:200
2026-04-07 21:49:40, EXEC, v:1, k:src@go, mode:FREE, size:200
2026-04-07 21:50:10, EXEC, v:1, k:src@go, mode:FREE, size:199
2026-04-07 21:50:43, EXEC, v:1, k:src@go, mode:FREE, size:199
2026-04-07 21:51:22, EXEC, v:1, k:src@go, mode:FREE, size:197
