2026-04-03 14:36:36, MOVE, v:1, k:ed@queimada, mode:DOWN
2026-04-03 14:36:38, MOVE, v:1, k:ed@queimada, mode:PICK
2026-04-03 14:40:45, EXEC, v:1, k:ed@queimada, mode:FULL, rate:14, size:50
2026-04-03 14:42:47, EXEC, v:1, k:ed@queimada, mode:FULL, rate:0, size:49
2026-04-03 14:43:20, MOVE, v:1, k:ed@queimada, mode:PICK
2026-04-03 14:43:22, EXEC, v:1, k:ed@queimada, mode:FULL, rate:14, size:51
2026-04-03 14:43:26, MOVE, v:1, k:ed@queimada, mode:BACK
2026-04-03 14:44:08, MOVE, v:1, k:ed@queimada, mode:PICK
2026-04-03 14:44:10, EXEC, v:1, k:ed@queimada, mode:FULL, rate:14
2026-04-03 14:45:21, EXEC, v:1, k:ed@queimada, mode:FULL, rate:0, size:49
2026-04-03 14:46:15, EXEC, v:1, k:ed@queimada, mode:FULL, rate:0, size:49
2026-04-03 14:46:41, EXEC, v:1, k:ed@queimada, mode:FULL, rate:100, size:49
2026-04-03 14:46:43, EXEC, v:1, k:ed@queimada, mode:FULL, rate:100
2026-04-03 14:47:00, EXEC, v:1, k:ed@queimada, mode:FULL, rate:100, size:49
2026-04-03 14:47:20, MOVE, v:1, k:ed@queimada, mode:BACK
2026-04-03 14:47:32, SELF, v:1, k:ed@queimada, self:1, rate:100, study:10
2026-04-03 14:47:38, MOVE, v:1, k:ed@eh_primo, mode:DOWN
2026-04-03 14:47:39, MOVE, v:1, k:ed@eh_primo, mode:PICK
2026-04-03 14:54:13, EXEC, v:1, k:ed@eh_primo, mode:FULL, rate:100, size:28
2026-04-03 14:54:16, EXEC, v:1, k:ed@eh_primo, mode:FULL, rate:100
2026-04-03 14:54:25, SELF, v:1, k:ed@eh_primo, self:1, rate:100, study:5
2026-04-03 14:54:26, MOVE, v:1, k:ed@eh_primo, mode:BACK
2026-04-03 14:54:34, MOVE, v:1, k:ed@vetequals, mode:DOWN
2026-04-03 14:54:36, MOVE, v:1, k:ed@vetequals, mode:PICK
