2026-06-10 22:03:20, MOVE, v:1, k:ed@serial, mode:DOWN
2026-06-10 22:03:23, MOVE, v:1, k:ed@serial, mode:PICK
2026-06-10 22:03:19, MOVE, v:1, k:ed@serial, mode:EDIT
2026-06-10 22:03:19, MOVE, v:1, k:ed@serial, mode:EDIT
2026-06-10 22:08:11, MOVE, v:1, k:ed@serial, mode:EDIT
2026-06-10 22:08:14, EXEC, v:1, k:ed@serial, mode:FULL, size:75, fail:COMP
2026-06-10 22:11:04, EXEC, v:1, k:ed@serial, mode:FULL, rate:14, size:76
2026-06-10 22:11:17, EXEC, v:1, k:ed@serial, mode:FULL, rate:100, size:77
2026-06-10 22:11:15, MOVE, v:1, k:ed@serial, mode:EDIT
2026-06-10 22:15:12, EXEC, v:1, k:ed@serial, mode:FULL, rate:100
2026-06-10 22:15:13, MOVE, v:1, k:ed@serial, mode:BACK
2026-06-10 22:15:23, MOVE, v:1, k:ed@formatada, mode:DOWN
2026-06-10 22:15:31, SELF, v:1, k:ed@serial, self:1, rate:100, study:10
2026-06-10 22:15:40, MOVE, v:1, k:ed@formatada, mode:PICK
2026-06-10 22:13:27, MOVE, v:1, k:ed@serial, mode:EDIT
2026-06-10 22:15:23, MOVE, v:1, k:ed@formatada, mode:EDIT
2026-06-10 22:15:23, MOVE, v:1, k:ed@formatada, mode:EDIT
2026-06-10 22:15:23, MOVE, v:1, k:ed@formatada, mode:EDIT
2026-06-10 22:17:22, MOVE, v:1, k:ed@formatada, mode:EDIT
2026-06-10 22:20:40, EXEC, v:1, k:ed@formatada, mode:FULL, rate:14, size:81
2026-06-10 22:21:27, EXEC, v:1, k:ed@formatada, mode:FULL, rate:14, size:83
2026-06-10 22:21:59, EXEC, v:1, k:ed@formatada, mode:FULL, rate:14, size:83
2026-06-10 22:22:55, EXEC, v:1, k:ed@formatada, mode:FULL, rate:0, size:85
2026-06-10 22:22:54, MOVE, v:1, k:ed@formatada, mode:EDIT
2026-06-10 22:23:54, EXEC, v:1, k:ed@formatada, mode:FULL, rate:14, size:82
2026-06-10 22:26:22, EXEC, v:1, k:ed@formatada, mode:FULL, rate:0, size:88
2026-06-10 22:26:09, MOVE, v:1, k:ed@formatada, mode:EDIT
2026-06-10 22:31:51, EXEC, v:1, k:ed@formatada, mode:FULL, rate:14, size:88
2026-06-10 22:32:53, EXEC, v:1, k:ed@formatada, mode:FULL, rate:14, size:92
2026-06-10 22:33:13, EXEC, v:1, k:ed@formatada, mode:FULL, rate:14, size:94
2026-06-10 22:33:11, MOVE, v:1, k:ed@formatada, mode:EDIT
2026-06-10 22:33:32, EXEC, v:1, k:ed@formatada, mode:FULL, rate:14, size:97
2026-06-10 22:34:49, EXEC, v:1, k:ed@formatada, mode:FULL, rate:14, size:98
2026-06-10 22:35:20, EXEC, v:1, k:ed@formatada, mode:FULL, rate:14, size:98
2026-06-10 22:37:15, EXEC, v:1, k:ed@formatada, mode:FULL, rate:100, size:106
2026-06-10 22:37:20, MOVE, v:1, k:ed@formatada, mode:BACK
2026-06-10 22:37:35, SELF, v:1, k:ed@formatada, self:1, rate:100, study:21
