2026-04-28 11:24:58, MOVE, v:1, k:ed@lista_d1, mode:DOWN
2026-04-28 11:25:02, MOVE, v:1, k:ed@lista_d1, mode:PICK
2026-04-28 11:24:58, MOVE, v:1, k:ed@lista_d1, mode:EDIT
2026-04-28 11:24:58, MOVE, v:1, k:ed@lista_d1, mode:EDIT
2026-04-28 11:29:31, MOVE, v:1, k:ed@lista_d1, mode:EDIT
2026-04-28 11:32:41, MOVE, v:1, k:ed@lista_d1, mode:EDIT
2026-04-28 15:45:09, MOVE, v:1, k:ed@lista_d1, mode:PICK
2026-04-28 15:49:51, MOVE, v:1, k:ed@lista_d1, mode:EDIT
2026-04-28 15:50:27, EXEC, v:1, k:ed@lista_d1, mode:FULL, rate:0, size:91
2026-04-28 15:51:15, EXEC, v:1, k:ed@lista_d1, mode:FULL, rate:0, size:95
2026-04-28 15:52:51, EXEC, v:1, k:ed@lista_d1, mode:FULL, rate:14, size:95
2026-04-28 15:55:01, MOVE, v:1, k:ed@lista_d1, mode:EDIT
2026-04-28 15:52:51, MOVE, v:1, k:ed@lista_d1, mode:EDIT
2026-04-28 15:56:35, MOVE, v:1, k:ed@lista_d1, mode:EDIT
2026-04-28 16:00:13, MOVE, v:1, k:ed@lista_d1, mode:EDIT
2026-04-28 16:07:59, MOVE, v:1, k:ed@lista_d1, mode:BACK
2026-04-28 16:14:38, MOVE, v:1, k:ed@lista_d1, mode:PICK
2026-04-28 16:14:40, EXEC, v:1, k:ed@lista_d1, mode:FULL, rate:14, size:105
2026-04-28 16:15:04, EXEC, v:1, k:ed@lista_d1, mode:FULL, rate:14, size:106
2026-04-28 16:18:59, EXEC, v:1, k:ed@lista_d1, mode:FULL, rate:14, size:105
2026-04-28 16:18:58, MOVE, v:1, k:ed@lista_d1, mode:EDIT
2026-04-28 16:19:14, MOVE, v:1, k:ed@lista_d1, mode:EDIT
2026-04-28 16:20:09, EXEC, v:1, k:ed@lista_d1, mode:FULL, rate:14, size:105
2026-04-28 16:20:22, EXEC, v:1, k:ed@lista_d1, mode:FULL, rate:14, size:103
2026-04-28 16:21:24, EXEC, v:1, k:ed@lista_d1, mode:FULL, rate:42, size:105
2026-04-28 16:21:22, MOVE, v:1, k:ed@lista_d1, mode:EDIT
2026-04-28 16:21:24, MOVE, v:1, k:ed@lista_d1, mode:EDIT
2026-04-28 16:26:57, MOVE, v:1, k:ed@lista_d1, mode:EDIT
2026-04-28 16:49:02, EXEC, v:1, k:ed@lista_d1, mode:FULL, rate:42, size:115
2026-04-28 16:48:58, MOVE, v:1, k:ed@lista_d1, mode:EDIT
2026-04-28 16:49:02, MOVE, v:1, k:ed@lista_d1, mode:EDIT
2026-04-28 16:50:38, EXEC, v:1, k:ed@lista_d1, mode:FULL, rate:42, size:115
2026-04-28 16:50:44, EXEC, v:1, k:ed@lista_d1, mode:FULL, rate:42
2026-04-28 16:51:55, EXEC, v:1, k:ed@lista_d1, mode:FULL, rate:57, size:115
