2026-03-24 10:50:23, MOVE, v:1, k:ed@princesa, mode:PICK
2026-03-24 10:50:32, EXEC, v:1, k:ed@princesa, mode:FREE, size:17
2026-03-24 10:53:48, MOVE, v:1, k:ed@princesa, mode:BACK
2026-03-24 19:40:01, MOVE, v:1, k:ed@princesa, mode:PICK
2026-03-24 19:40:03, EXEC, v:1, k:ed@princesa, mode:FULL, rate:0, size:28
2026-03-24 19:52:38, EXEC, v:1, k:ed@princesa, mode:FULL, rate:0, size:60
2026-03-24 19:55:35, EXEC, v:1, k:ed@princesa, mode:FULL, rate:0, size:65
2026-03-24 19:57:00, EXEC, v:1, k:ed@princesa, mode:FULL, rate:0, size:64
2026-03-24 19:57:13, EXEC, v:1, k:ed@princesa, mode:FULL, rate:0, size:64
2026-03-24 20:07:05, MOVE, v:1, k:ed@princesa, mode:PICK
2026-03-24 20:07:07, EXEC, v:1, k:ed@princesa, mode:FULL, rate:0, size:64
2026-03-24 20:10:55, EXEC, v:1, k:ed@princesa, mode:FULL, rate:0, size:70
2026-03-24 20:11:13, EXEC, v:1, k:ed@princesa, mode:FULL, rate:0
2026-03-24 20:11:18, EXEC, v:1, k:ed@princesa, mode:FULL, rate:0, size:70
2026-03-24 20:11:32, EXEC, v:1, k:ed@princesa, mode:FULL, rate:0, size:70
2026-03-24 20:11:54, EXEC, v:1, k:ed@princesa, mode:FULL, rate:0, size:70
2026-03-24 20:13:17, EXEC, v:1, k:ed@princesa, mode:FULL, rate:0, size:70
2026-03-24 20:13:29, EXEC, v:1, k:ed@princesa, mode:FULL, rate:0, size:70
2026-03-24 20:15:53, EXEC, v:1, k:ed@princesa, mode:FULL, rate:0, size:69
2026-03-24 20:16:31, EXEC, v:1, k:ed@princesa, mode:FULL, rate:0, size:69
2026-03-24 20:19:35, EXEC, v:1, k:ed@princesa, mode:FULL, rate:0, size:69
2026-03-24 20:20:02, EXEC, v:1, k:ed@princesa, mode:FULL, rate:0
2026-03-24 20:20:43, EXEC, v:1, k:ed@princesa, mode:FULL, rate:100, size:69
2026-03-24 20:20:56, MOVE, v:1, k:ed@princesa, mode:BACK
2026-03-24 20:21:10, SELF, v:1, k:ed@princesa, self:1, rate:100, study:50
