2026-04-20 17:07:02, MOVE, v:1, k:ed@setbuild, mode:PICK
2026-04-20 17:07:04, EXEC, v:1, k:ed@setbuild, mode:FULL, rate:0
2026-04-20 17:07:04, MOVE, v:1, k:ed@setbuild, mode:BACK
2026-04-20 17:07:05, MOVE, v:1, k:ed@multiset, mode:PICK
2026-04-20 17:07:06, EXEC, v:1, k:ed@multiset, mode:FULL, rate:0
2026-04-20 17:07:10, MOVE, v:1, k:ed@multiset, mode:BACK
2026-04-20 17:07:51, MOVE, v:1, k:ed@setbuild, mode:PICK
2026-04-20 17:08:46, MOVE, v:1, k:ed@setbuild, mode:BACK
2026-04-20 17:09:12, MOVE, v:1, k:ed@labirinto, mode:PICK
2026-04-20 17:09:14, EXEC, v:1, k:ed@labirinto, mode:FULL, rate:100, size:82
2026-04-20 17:09:20, MOVE, v:1, k:ed@labirinto, mode:BACK
2026-04-20 17:09:27, MOVE, v:1, k:ed@fractais_png, mode:PICK
2026-04-20 17:09:31, EXEC, v:1, k:ed@fractais_png, mode:LOCK, rate:0
2026-04-20 17:09:34, MOVE, v:1, k:ed@fractais_png, mode:BACK
2026-04-20 17:07:03, MOVE, v:1, k:ed@setbuild, mode:EDIT
2026-04-20 17:07:06, MOVE, v:1, k:ed@multiset, mode:EDIT
2026-04-20 17:09:13, MOVE, v:1, k:ed@labirinto, mode:EDIT
2026-04-20 17:09:31, MOVE, v:1, k:ed@fractais_png, mode:EDIT
2026-04-20 17:09:31, MOVE, v:1, k:ed@fractais_png, mode:EDIT
2026-04-20 17:15:51, MOVE, v:1, k:ed@setbuild, mode:EDIT
2026-04-20 17:18:00, MOVE, v:1, k:ed@setbuild, mode:PICK
2026-04-20 17:18:01, EXEC, v:1, k:ed@setbuild, mode:FULL, rate:0, size:75
2026-04-20 17:18:40, EXEC, v:1, k:ed@setbuild, mode:FULL, rate:0, size:75
2026-04-20 17:20:54, EXEC, v:1, k:ed@setbuild, mode:FULL, rate:0, size:78
2026-04-20 17:21:17, MOVE, v:1, k:ed@setbuild, mode:EDIT
2026-04-20 17:20:54, MOVE, v:1, k:ed@setbuild, mode:EDIT
2026-04-20 17:22:53, EXEC, v:1, k:ed@setbuild, mode:FULL, rate:0, size:79
2026-04-20 17:23:27, EXEC, v:1, k:ed@setbuild, mode:FULL, rate:0, size:84
2026-04-20 17:23:25, MOVE, v:1, k:ed@setbuild, mode:EDIT
2026-04-20 17:23:27, MOVE, v:1, k:ed@setbuild, mode:EDIT
2026-04-20 17:31:31, EXEC, v:1, k:ed@setbuild, mode:FULL, rate:0, size:79
2026-04-20 17:31:19, MOVE, v:1, k:ed@setbuild, mode:EDIT
2026-04-20 17:31:31, MOVE, v:1, k:ed@setbuild, mode:EDIT
2026-04-20 17:36:17, EXEC, v:1, k:ed@setbuild, mode:FULL, rate:0, size:75
2026-04-20 17:36:13, MOVE, v:1, k:ed@setbuild, mode:EDIT
2026-04-20 17:36:17, MOVE, v:1, k:ed@setbuild, mode:EDIT
2026-04-20 17:37:12, EXEC, v:1, k:ed@setbuild, mode:FULL, rate:0, size:81
2026-04-20 17:39:38, EXEC, v:1, k:ed@setbuild, mode:FULL, rate:0, size:77
2026-04-20 17:39:37, MOVE, v:1, k:ed@setbuild, mode:EDIT
2026-04-20 17:39:38, MOVE, v:1, k:ed@setbuild, mode:EDIT
2026-04-20 17:46:44, MOVE, v:1, k:ed@setbuild, mode:EDIT
2026-04-20 17:49:38, EXEC, v:1, k:ed@setbuild, mode:FULL, rate:0, size:105
2026-04-20 17:51:40, EXEC, v:1, k:ed@setbuild, mode:FULL, rate:0, size:102
2026-04-20 17:51:38, MOVE, v:1, k:ed@setbuild, mode:EDIT
2026-04-20 17:51:40, MOVE, v:1, k:ed@setbuild, mode:EDIT
2026-04-20 17:53:07, EXEC, v:1, k:ed@setbuild, mode:FULL, size:106, fail:COMP
2026-04-20 17:53:17, EXEC, v:1, k:ed@setbuild, mode:FULL, rate:0, size:106
2026-04-20 17:53:47, EXEC, v:1, k:ed@setbuild, mode:FULL, rate:0, size:106
2026-04-20 17:53:42, MOVE, v:1, k:ed@setbuild, mode:EDIT
2026-04-20 17:53:47, MOVE, v:1, k:ed@setbuild, mode:EDIT
2026-04-20 17:55:59, MOVE, v:1, k:ed@vetbuild, mode:EDIT
2026-04-20 17:57:43, EXEC, v:1, k:ed@setbuild, mode:FULL, rate:0
2026-04-20 17:59:03, MOVE, v:1, k:ed@setbuild, mode:EDIT
2026-04-20 17:57:43, MOVE, v:1, k:ed@setbuild, mode:EDIT
